2020.11.04 22:22:12 INFO  started: Metals version 0.9.4 in workspace 'C:\Users\Tommy\Desktop\shopping-cart-2020' for client vscode.
2020.11.04 22:22:12 INFO  time: initialize in 0.73s
2020.11.04 22:22:13 WARN  no build tool detected in workspace 'C:\Users\Tommy\Desktop\shopping-cart-2020'. The most common cause for this problem is that the editor was opened in the wrong working directory, for example if you use sbt then the workspace directory should contain build.sbt. 
Nov 04, 2020 11:01:17 PM org.eclipse.lsp4j.jsonrpc.services.GenericEndpoint notify
INFO: Unsupported notification method: $/setTraceNotification
Nov 04, 2020 11:10:48 PM org.eclipse.lsp4j.jsonrpc.services.GenericEndpoint notify
INFO: Unsupported notification method: $/setTraceNotification
Nov 04, 2020 11:25:26 PM org.eclipse.lsp4j.jsonrpc.services.GenericEndpoint notify
INFO: Unsupported notification method: $/setTraceNotification
Nov 04, 2020 11:25:34 PM org.eclipse.lsp4j.jsonrpc.services.GenericEndpoint notify
INFO: Unsupported notification method: $/setTraceNotification
Nov 04, 2020 11:25:43 PM org.eclipse.lsp4j.jsonrpc.services.GenericEndpoint notify
INFO: Unsupported notification method: $/setTraceNotification
Nov 04, 2020 11:25:51 PM org.eclipse.lsp4j.jsonrpc.services.GenericEndpoint notify
INFO: Unsupported notification method: $/setTraceNotification
2020.11.07 00:12:58 INFO  started: Metals version 0.9.4 in workspace 'C:\Users\Tommy\Desktop\shopping-cart-2020' for client vscode.
2020.11.07 00:12:59 INFO  time: initialize in 0.68s
2020.11.07 00:13:04 WARN  no build tool detected in workspace 'C:\Users\Tommy\Desktop\shopping-cart-2020'. The most common cause for this problem is that the editor was opened in the wrong working directory, for example if you use sbt then the workspace directory should contain build.sbt. 
Nov 07, 2020 1:35:55 AM org.eclipse.lsp4j.jsonrpc.services.GenericEndpoint notify
INFO: Unsupported notification method: $/setTraceNotification
2020.11.07 21:36:22 INFO  started: Metals version 0.9.4 in workspace 'C:\Users\Tommy\Desktop\shopping-cart-2020' for client vscode.
2020.11.07 21:36:22 INFO  time: initialize in 0.65s
2020.11.07 21:36:27 WARN  no build tool detected in workspace 'C:\Users\Tommy\Desktop\shopping-cart-2020'. The most common cause for this problem is that the editor was opened in the wrong working directory, for example if you use sbt then the workspace directory should contain build.sbt. 
2020.11.07 21:36:34 INFO  shutting down Metals
2020.11.08 17:04:54 INFO  started: Metals version 0.9.4 in workspace 'C:\Users\Tommy\Desktop\shopping-cart-2020' for client vscode.
2020.11.08 17:04:55 INFO  time: initialize in 1.5s
2020.11.08 17:04:57 WARN  no build tool detected in workspace 'C:\Users\Tommy\Desktop\shopping-cart-2020'. The most common cause for this problem is that the editor was opened in the wrong working directory, for example if you use sbt then the workspace directory should contain build.sbt. 
Nov 08, 2020 5:19:36 PM org.eclipse.lsp4j.jsonrpc.services.GenericEndpoint notify
INFO: Unsupported notification method: $/setTraceNotification
Nov 08, 2020 5:19:40 PM org.eclipse.lsp4j.jsonrpc.services.GenericEndpoint notify
INFO: Unsupported notification method: $/setTraceNotification
Nov 08, 2020 5:19:41 PM org.eclipse.lsp4j.jsonrpc.services.GenericEndpoint notify
INFO: Unsupported notification method: $/setTraceNotification
Nov 08, 2020 5:19:44 PM org.eclipse.lsp4j.jsonrpc.services.GenericEndpoint notify
INFO: Unsupported notification method: $/setTraceNotification
Nov 08, 2020 5:19:58 PM org.eclipse.lsp4j.jsonrpc.services.GenericEndpoint notify
INFO: Unsupported notification method: $/setTraceNotification
Nov 08, 2020 5:20:00 PM org.eclipse.lsp4j.jsonrpc.services.GenericEndpoint notify
INFO: Unsupported notification method: $/setTraceNotification
Nov 08, 2020 5:20:02 PM org.eclipse.lsp4j.jsonrpc.services.GenericEndpoint notify
INFO: Unsupported notification method: $/setTraceNotification
Nov 08, 2020 5:20:04 PM org.eclipse.lsp4j.jsonrpc.services.GenericEndpoint notify
INFO: Unsupported notification method: $/setTraceNotification
Nov 08, 2020 5:20:05 PM org.eclipse.lsp4j.jsonrpc.services.GenericEndpoint notify
INFO: Unsupported notification method: $/setTraceNotification
Nov 08, 2020 5:20:46 PM org.eclipse.lsp4j.jsonrpc.services.GenericEndpoint notify
INFO: Unsupported notification method: $/setTraceNotification
Nov 08, 2020 5:20:46 PM org.eclipse.lsp4j.jsonrpc.services.GenericEndpoint notify
INFO: Unsupported notification method: $/setTraceNotification
Nov 08, 2020 5:20:46 PM org.eclipse.lsp4j.jsonrpc.services.GenericEndpoint notify
INFO: Unsupported notification method: $/setTraceNotification
Nov 08, 2020 5:20:46 PM org.eclipse.lsp4j.jsonrpc.services.GenericEndpoint notify
INFO: Unsupported notification method: $/setTraceNotification
Nov 08, 2020 5:20:47 PM org.eclipse.lsp4j.jsonrpc.services.GenericEndpoint notify
INFO: Unsupported notification method: $/setTraceNotification
Nov 08, 2020 5:20:47 PM org.eclipse.lsp4j.jsonrpc.services.GenericEndpoint notify
INFO: Unsupported notification method: $/setTraceNotification
Nov 08, 2020 5:20:47 PM org.eclipse.lsp4j.jsonrpc.services.GenericEndpoint notify
INFO: Unsupported notification method: $/setTraceNotification
Nov 08, 2020 5:20:47 PM org.eclipse.lsp4j.jsonrpc.services.GenericEndpoint notify
INFO: Unsupported notification method: $/setTraceNotification
Nov 08, 2020 5:20:47 PM org.eclipse.lsp4j.jsonrpc.services.GenericEndpoint notify
INFO: Unsupported notification method: $/setTraceNotification
Nov 08, 2020 5:20:48 PM org.eclipse.lsp4j.jsonrpc.services.GenericEndpoint notify
INFO: Unsupported notification method: $/setTraceNotification
Nov 08, 2020 5:20:49 PM org.eclipse.lsp4j.jsonrpc.services.GenericEndpoint notify
INFO: Unsupported notification method: $/setTraceNotification
Nov 08, 2020 5:20:50 PM org.eclipse.lsp4j.jsonrpc.services.GenericEndpoint notify
INFO: Unsupported notification method: $/setTraceNotification
Nov 08, 2020 5:20:51 PM org.eclipse.lsp4j.jsonrpc.services.GenericEndpoint notify
INFO: Unsupported notification method: $/setTraceNotification
Nov 08, 2020 5:20:52 PM org.eclipse.lsp4j.jsonrpc.services.GenericEndpoint notify
INFO: Unsupported notification method: $/setTraceNotification
Nov 08, 2020 5:20:52 PM org.eclipse.lsp4j.jsonrpc.services.GenericEndpoint notify
INFO: Unsupported notification method: $/setTraceNotification
Nov 08, 2020 5:20:52 PM org.eclipse.lsp4j.jsonrpc.services.GenericEndpoint notify
INFO: Unsupported notification method: $/setTraceNotification
Nov 08, 2020 5:20:53 PM org.eclipse.lsp4j.jsonrpc.services.GenericEndpoint notify
INFO: Unsupported notification method: $/setTraceNotification
Nov 08, 2020 5:20:53 PM org.eclipse.lsp4j.jsonrpc.services.GenericEndpoint notify
INFO: Unsupported notification method: $/setTraceNotification
Nov 08, 2020 5:20:53 PM org.eclipse.lsp4j.jsonrpc.services.GenericEndpoint notify
INFO: Unsupported notification method: $/setTraceNotification
Nov 08, 2020 5:20:53 PM org.eclipse.lsp4j.jsonrpc.services.GenericEndpoint notify
INFO: Unsupported notification method: $/setTraceNotification
Nov 08, 2020 5:20:54 PM org.eclipse.lsp4j.jsonrpc.services.GenericEndpoint notify
INFO: Unsupported notification method: $/setTraceNotification
Nov 08, 2020 5:34:00 PM org.eclipse.lsp4j.jsonrpc.services.GenericEndpoint notify
INFO: Unsupported notification method: $/setTraceNotification
Nov 08, 2020 5:52:13 PM org.eclipse.lsp4j.jsonrpc.services.GenericEndpoint notify
INFO: Unsupported notification method: $/setTraceNotification
2020.11.08 19:04:57 INFO  shutting down Metals
2020.11.08 20:06:40 INFO  started: Metals version 0.9.4 in workspace 'C:\Users\Tommy\Desktop\shopping-cart-2020' for client vscode.
2020.11.08 20:06:41 INFO  time: initialize in 1.02s
2020.11.08 20:06:43 WARN  no build tool detected in workspace 'C:\Users\Tommy\Desktop\shopping-cart-2020'. The most common cause for this problem is that the editor was opened in the wrong working directory, for example if you use sbt then the workspace directory should contain build.sbt. 
2020.11.08 20:07:21 INFO  shutting down Metals
